This is pdfTeX, Version 3.141592653-2.6-1.40.25 (TeX Live 2023) (preloaded format=pdflatex 2023.10.23)  21 JAN 2024 15:41
entering extended mode
 restricted \write18 enabled.
 %&-line parsing enabled.
**projekt.tex
(./projekt.tex
LaTeX2e <2022-11-01> patch level 1
L3 programming layer <2023-02-22> (/usr/local/texlive/2023/texmf-dist/tex/latex
/base/article.cls
Document Class: article 2022/07/02 v1.4n Standard LaTeX document class
(/usr/local/texlive/2023/texmf-dist/tex/latex/base/size10.clo
File: size10.clo 2022/07/02 v1.4n Standard LaTeX file (size option)
)
\c@part=\count185
\c@section=\count186
\c@subsection=\count187
\c@subsubsection=\count188
\c@paragraph=\count189
\c@subparagraph=\count190
\c@figure=\count191
\c@table=\count192
\abovecaptionskip=\skip48
\belowcaptionskip=\skip49
\bibindent=\dimen140
) (/usr/local/texlive/2023/texmf-dist/tex/latex/amsmath/amsmath.sty
Package: amsmath 2022/04/08 v2.17n AMS math features
\@mathmargin=\skip50
For additional information on amsmath, use the `?' option.
(/usr/local/texlive/2023/texmf-dist/tex/latex/amsmath/amstext.sty
Package: amstext 2021/08/26 v2.01 AMS text
(/usr/local/texlive/2023/texmf-dist/tex/latex/amsmath/amsgen.sty
File: amsgen.sty 1999/11/30 v2.0 generic functions
\@emptytoks=\toks16
\ex@=\dimen141
)) (/usr/local/texlive/2023/texmf-dist/tex/latex/amsmath/amsbsy.sty
Package: amsbsy 1999/11/29 v1.2d Bold Symbols
\pmbraise@=\dimen142
) (/usr/local/texlive/2023/texmf-dist/tex/latex/amsmath/amsopn.sty
Package: amsopn 2022/04/08 v2.04 operator names
)
\inf@bad=\count193
LaTeX Info: Redefining \frac on input line 234.
\uproot@=\count194
\leftroot@=\count195
LaTeX Info: Redefining \overline on input line 399.
LaTeX Info: Redefining \colon on input line 410.
\classnum@=\count196
\DOTSCASE@=\count197
LaTeX Info: Redefining \ldots on input line 496.
LaTeX Info: Redefining \dots on input line 499.
LaTeX Info: Redefining \cdots on input line 620.
\Mathstrutbox@=\box51
\strutbox@=\box52
LaTeX Info: Redefining \big on input line 722.
LaTeX Info: Redefining \Big on input line 723.
LaTeX Info: Redefining \bigg on input line 724.
LaTeX Info: Redefining \Bigg on input line 725.
\big@size=\dimen143
LaTeX Font Info:    Redeclaring font encoding OML on input line 743.
LaTeX Font Info:    Redeclaring font encoding OMS on input line 744.
\macc@depth=\count198
LaTeX Info: Redefining \bmod on input line 905.
LaTeX Info: Redefining \pmod on input line 910.
LaTeX Info: Redefining \smash on input line 940.
LaTeX Info: Redefining \relbar on input line 970.
LaTeX Info: Redefining \Relbar on input line 971.
\c@MaxMatrixCols=\count199
\dotsspace@=\muskip16
\c@parentequation=\count266
\dspbrk@lvl=\count267
\tag@help=\toks17
\row@=\count268
\column@=\count269
\maxfields@=\count270
\andhelp@=\toks18
\eqnshift@=\dimen144
\alignsep@=\dimen145
\tagshift@=\dimen146
\tagwidth@=\dimen147
\totwidth@=\dimen148
\lineht@=\dimen149
\@envbody=\toks19
\multlinegap=\skip51
\multlinetaggap=\skip52
\mathdisplay@stack=\toks20
LaTeX Info: Redefining \[ on input line 2953.
LaTeX Info: Redefining \] on input line 2954.
) (/usr/local/texlive/2023/texmf-dist/tex/latex/amsfonts/amssymb.sty
Package: amssymb 2013/01/14 v3.01 AMS font symbols
(/usr/local/texlive/2023/texmf-dist/tex/latex/amsfonts/amsfonts.sty
Package: amsfonts 2013/01/14 v3.01 Basic AMSFonts support
\symAMSa=\mathgroup4
\symAMSb=\mathgroup5
LaTeX Font Info:    Redeclaring math symbol \hbar on input line 98.
LaTeX Font Info:    Overwriting math alphabet `\mathfrak' in version `bold'
(Font)                  U/euf/m/n --> U/euf/b/n on input line 106.
)) (/usr/local/texlive/2023/texmf-dist/tex/generic/iftex/iftex.sty
Package: iftex 2022/02/03 v1.0f TeX engine tests
) (/usr/local/texlive/2023/texmf-dist/tex/latex/base/fontenc.sty
Package: fontenc 2021/04/29 v2.0v Standard LaTeX package
) (/usr/local/texlive/2023/texmf-dist/tex/latex/base/inputenc.sty
Package: inputenc 2021/02/14 v1.3d Input encoding file
\inpenc@prehook=\toks21
\inpenc@posthook=\toks22
) (/usr/local/texlive/2023/texmf-dist/tex/latex/base/textcomp.sty
Package: textcomp 2020/02/02 v2.0n Standard LaTeX package
) (/usr/local/texlive/2023/texmf-dist/tex/latex/lm/lmodern.sty
Package: lmodern 2015/05/01 v1.6.1 Latin Modern Fonts
LaTeX Font Info:    Overwriting symbol font `operators' in version `normal'
(Font)                  OT1/cmr/m/n --> OT1/lmr/m/n on input line 22.
LaTeX Font Info:    Overwriting symbol font `letters' in version `normal'
(Font)                  OML/cmm/m/it --> OML/lmm/m/it on input line 23.
LaTeX Font Info:    Overwriting symbol font `symbols' in version `normal'
(Font)                  OMS/cmsy/m/n --> OMS/lmsy/m/n on input line 24.
LaTeX Font Info:    Overwriting symbol font `largesymbols' in version `normal'
(Font)                  OMX/cmex/m/n --> OMX/lmex/m/n on input line 25.
LaTeX Font Info:    Overwriting symbol font `operators' in version `bold'
(Font)                  OT1/cmr/bx/n --> OT1/lmr/bx/n on input line 26.
LaTeX Font Info:    Overwriting symbol font `letters' in version `bold'
(Font)                  OML/cmm/b/it --> OML/lmm/b/it on input line 27.
LaTeX Font Info:    Overwriting symbol font `symbols' in version `bold'
(Font)                  OMS/cmsy/b/n --> OMS/lmsy/b/n on input line 28.
LaTeX Font Info:    Overwriting symbol font `largesymbols' in version `bold'
(Font)                  OMX/cmex/m/n --> OMX/lmex/m/n on input line 29.
LaTeX Font Info:    Overwriting math alphabet `\mathbf' in version `normal'
(Font)                  OT1/cmr/bx/n --> OT1/lmr/bx/n on input line 31.
LaTeX Font Info:    Overwriting math alphabet `\mathsf' in version `normal'
(Font)                  OT1/cmss/m/n --> OT1/lmss/m/n on input line 32.
LaTeX Font Info:    Overwriting math alphabet `\mathit' in version `normal'
(Font)                  OT1/cmr/m/it --> OT1/lmr/m/it on input line 33.
LaTeX Font Info:    Overwriting math alphabet `\mathtt' in version `normal'
(Font)                  OT1/cmtt/m/n --> OT1/lmtt/m/n on input line 34.
LaTeX Font Info:    Overwriting math alphabet `\mathbf' in version `bold'
(Font)                  OT1/cmr/bx/n --> OT1/lmr/bx/n on input line 35.
LaTeX Font Info:    Overwriting math alphabet `\mathsf' in version `bold'
(Font)                  OT1/cmss/bx/n --> OT1/lmss/bx/n on input line 36.
LaTeX Font Info:    Overwriting math alphabet `\mathit' in version `bold'
(Font)                  OT1/cmr/bx/it --> OT1/lmr/bx/it on input line 37.
LaTeX Font Info:    Overwriting math alphabet `\mathtt' in version `bold'
(Font)                  OT1/cmtt/m/n --> OT1/lmtt/m/n on input line 38.
) (/usr/local/texlive/2023/texmf-dist/tex/latex/upquote/upquote.sty
Package: upquote 2012/04/19 v1.3 upright-quote and grave-accent glyphs in verba
tim
) (/usr/local/texlive/2023/texmf-dist/tex/latex/microtype/microtype.sty
Package: microtype 2023/03/13 v3.1a Micro-typographical refinements (RS)
(/usr/local/texlive/2023/texmf-dist/tex/latex/graphics/keyval.sty
Package: keyval 2022/05/29 v1.15 key=value parser (DPC)
\KV@toks@=\toks23
) (/usr/local/texlive/2023/texmf-dist/tex/latex/etoolbox/etoolbox.sty
Package: etoolbox 2020/10/05 v2.5k e-TeX tools for LaTeX (JAW)
\etb@tempcnta=\count271
)
\MT@toks=\toks24
\MT@tempbox=\box53
\MT@count=\count272
LaTeX Info: Redefining \noprotrusionifhmode on input line 1059.
LaTeX Info: Redefining \leftprotrusion on input line 1060.
\MT@prot@toks=\toks25
LaTeX Info: Redefining \rightprotrusion on input line 1078.
LaTeX Info: Redefining \textls on input line 1368.
\MT@outer@kern=\dimen150
LaTeX Info: Redefining \textmicrotypecontext on input line 1988.
\MT@listname@count=\count273
(/usr/local/texlive/2023/texmf-dist/tex/latex/microtype/microtype-pdftex.def
File: microtype-pdftex.def 2023/03/13 v3.1a Definitions specific to pdftex (RS)

LaTeX Info: Redefining \lsstyle on input line 902.
LaTeX Info: Redefining \lslig on input line 902.
\MT@outer@space=\skip53
)
Package microtype Info: Loading configuration file microtype.cfg.
(/usr/local/texlive/2023/texmf-dist/tex/latex/microtype/microtype.cfg
File: microtype.cfg 2023/03/13 v3.1a microtype main configuration file (RS)
)) (/usr/local/texlive/2023/texmf-dist/tex/latex/parskip/parskip.sty
Package: parskip 2021-03-14 v2.0h non-zero parskip adjustments
(/usr/local/texlive/2023/texmf-dist/tex/latex/kvoptions/kvoptions.sty
Package: kvoptions 2022-06-15 v3.15 Key value format for package options (HO)
(/usr/local/texlive/2023/texmf-dist/tex/generic/ltxcmds/ltxcmds.sty
Package: ltxcmds 2020-05-10 v1.25 LaTeX kernel commands for general use (HO)
) (/usr/local/texlive/2023/texmf-dist/tex/latex/kvsetkeys/kvsetkeys.sty
Package: kvsetkeys 2022-10-05 v1.19 Key value parser (HO)
))) (/usr/local/texlive/2023/texmf-dist/tex/latex/xcolor/xcolor.sty
Package: xcolor 2022/06/12 v2.14 LaTeX color extensions (UK)
(/usr/local/texlive/2023/texmf-dist/tex/latex/graphics-cfg/color.cfg
File: color.cfg 2016/01/02 v1.6 sample color configuration
)
Package xcolor Info: Driver file: pdftex.def on input line 227.
(/usr/local/texlive/2023/texmf-dist/tex/latex/graphics-def/pdftex.def
File: pdftex.def 2022/09/22 v1.2b Graphics/color driver for pdftex
) (/usr/local/texlive/2023/texmf-dist/tex/latex/graphics/mathcolor.ltx)
Package xcolor Info: Model `cmy' substituted by `cmy0' on input line 1353.
Package xcolor Info: Model `hsb' substituted by `rgb' on input line 1357.
Package xcolor Info: Model `RGB' extended on input line 1369.
Package xcolor Info: Model `HTML' substituted by `rgb' on input line 1371.
Package xcolor Info: Model `Hsb' substituted by `hsb' on input line 1372.
Package xcolor Info: Model `tHsb' substituted by `hsb' on input line 1373.
Package xcolor Info: Model `HSB' substituted by `hsb' on input line 1374.
Package xcolor Info: Model `Gray' substituted by `gray' on input line 1375.
Package xcolor Info: Model `wave' substituted by `hsb' on input line 1376.
) (/usr/local/texlive/2023/texmf-dist/tex/latex/geometry/geometry.sty
Package: geometry 2020/01/02 v5.9 Page Geometry
(/usr/local/texlive/2023/texmf-dist/tex/generic/iftex/ifvtex.sty
Package: ifvtex 2019/10/25 v1.7 ifvtex legacy package. Use iftex instead.
)
\Gm@cnth=\count274
\Gm@cntv=\count275
\c@Gm@tempcnt=\count276
\Gm@bindingoffset=\dimen151
\Gm@wd@mp=\dimen152
\Gm@odd@mp=\dimen153
\Gm@even@mp=\dimen154
\Gm@layoutwidth=\dimen155
\Gm@layoutheight=\dimen156
\Gm@layouthoffset=\dimen157
\Gm@layoutvoffset=\dimen158
\Gm@dimlist=\toks26
) (/usr/local/texlive/2023/texmf-dist/tex/latex/fancyvrb/fancyvrb.sty
Package: fancyvrb 2023/01/19 4.5a verbatim text (tvz,hv)
\FV@CodeLineNo=\count277
\FV@InFile=\read2
\FV@TabBox=\box54
\c@FancyVerbLine=\count278
\FV@StepNumber=\count279
\FV@OutFile=\write3
) (/usr/local/texlive/2023/texmf-dist/tex/latex/framed/framed.sty
Package: framed 2011/10/22 v 0.96: framed or shaded text with page breaks
\OuterFrameSep=\skip54
\fb@frw=\dimen159
\fb@frh=\dimen160
\FrameRule=\dimen161
\FrameSep=\dimen162
) (/usr/local/texlive/2023/texmf-dist/tex/latex/graphics/graphicx.sty
Package: graphicx 2021/09/16 v1.2d Enhanced LaTeX Graphics (DPC,SPQR)
(/usr/local/texlive/2023/texmf-dist/tex/latex/graphics/graphics.sty
Package: graphics 2022/03/10 v1.4e Standard LaTeX Graphics (DPC,SPQR)
(/usr/local/texlive/2023/texmf-dist/tex/latex/graphics/trig.sty
Package: trig 2021/08/11 v1.11 sin cos tan (DPC)
) (/usr/local/texlive/2023/texmf-dist/tex/latex/graphics-cfg/graphics.cfg
File: graphics.cfg 2016/06/04 v1.11 sample graphics configuration
)
Package graphics Info: Driver file: pdftex.def on input line 107.
)
\Gin@req@height=\dimen163
\Gin@req@width=\dimen164
) (/usr/local/texlive/2023/texmf-dist/tex/latex/bookmark/bookmark.sty
Package: bookmark 2020-11-06 v1.29 PDF bookmarks (HO)
(/usr/local/texlive/2023/texmf-dist/tex/latex/hyperref/hyperref.sty
Package: hyperref 2023-02-07 v7.00v Hypertext links for LaTeX
(/usr/local/texlive/2023/texmf-dist/tex/generic/pdftexcmds/pdftexcmds.sty
Package: pdftexcmds 2020-06-27 v0.33 Utility functions of pdfTeX for LuaTeX (HO
)
(/usr/local/texlive/2023/texmf-dist/tex/generic/infwarerr/infwarerr.sty
Package: infwarerr 2019/12/03 v1.5 Providing info/warning/error messages (HO)
)
Package pdftexcmds Info: \pdf@primitive is available.
Package pdftexcmds Info: \pdf@ifprimitive is available.
Package pdftexcmds Info: \pdfdraftmode found.
) (/usr/local/texlive/2023/texmf-dist/tex/generic/kvdefinekeys/kvdefinekeys.sty
Package: kvdefinekeys 2019-12-19 v1.6 Define keys (HO)
) (/usr/local/texlive/2023/texmf-dist/tex/generic/pdfescape/pdfescape.sty
Package: pdfescape 2019/12/09 v1.15 Implements pdfTeX's escape features (HO)
) (/usr/local/texlive/2023/texmf-dist/tex/latex/hycolor/hycolor.sty
Package: hycolor 2020-01-27 v1.10 Color options for hyperref/bookmark (HO)
) (/usr/local/texlive/2023/texmf-dist/tex/latex/letltxmacro/letltxmacro.sty
Package: letltxmacro 2019/12/03 v1.6 Let assignment for LaTeX macros (HO)
) (/usr/local/texlive/2023/texmf-dist/tex/latex/auxhook/auxhook.sty
Package: auxhook 2019-12-17 v1.6 Hooks for auxiliary files (HO)
) (/usr/local/texlive/2023/texmf-dist/tex/latex/hyperref/nameref.sty
Package: nameref 2022-05-17 v2.50 Cross-referencing by name of section
(/usr/local/texlive/2023/texmf-dist/tex/latex/refcount/refcount.sty
Package: refcount 2019/12/15 v3.6 Data extraction from label references (HO)
)
(/usr/local/texlive/2023/texmf-dist/tex/generic/gettitlestring/gettitlestring.s
ty
Package: gettitlestring 2019/12/15 v1.6 Cleanup title references (HO)
)
\c@section@level=\count280
)
\@linkdim=\dimen165
\Hy@linkcounter=\count281
\Hy@pagecounter=\count282
(/usr/local/texlive/2023/texmf-dist/tex/latex/hyperref/pd1enc.def
File: pd1enc.def 2023-02-07 v7.00v Hyperref: PDFDocEncoding definition (HO)
Now handling font encoding PD1 ...
... no UTF-8 mapping file for font encoding PD1
) (/usr/local/texlive/2023/texmf-dist/tex/generic/intcalc/intcalc.sty
Package: intcalc 2019/12/15 v1.3 Expandable calculations with integers (HO)
) (/usr/local/texlive/2023/texmf-dist/tex/generic/etexcmds/etexcmds.sty
Package: etexcmds 2019/12/15 v1.7 Avoid name clashes with e-TeX commands (HO)
)
\Hy@SavedSpaceFactor=\count283
(/usr/local/texlive/2023/texmf-dist/tex/latex/hyperref/puenc.def
File: puenc.def 2023-02-07 v7.00v Hyperref: PDF Unicode definition (HO)
Now handling font encoding PU ...
... no UTF-8 mapping file for font encoding PU
)
Package hyperref Info: Option `unicode' set `true' on input line 4060.
Package hyperref Info: Hyper figures OFF on input line 4177.
Package hyperref Info: Link nesting OFF on input line 4182.
Package hyperref Info: Hyper index ON on input line 4185.
Package hyperref Info: Plain pages OFF on input line 4192.
Package hyperref Info: Backreferencing OFF on input line 4197.
Package hyperref Info: Implicit mode ON; LaTeX internals redefined.
Package hyperref Info: Bookmarks ON on input line 4425.
\c@Hy@tempcnt=\count284
(/usr/local/texlive/2023/texmf-dist/tex/latex/url/url.sty
\Urlmuskip=\muskip17
Package: url 2013/09/16  ver 3.4  Verb mode for urls, etc.
)
LaTeX Info: Redefining \url on input line 4763.
\XeTeXLinkMargin=\dimen166
(/usr/local/texlive/2023/texmf-dist/tex/generic/bitset/bitset.sty
Package: bitset 2019/12/09 v1.3 Handle bit-vector datatype (HO)
(/usr/local/texlive/2023/texmf-dist/tex/generic/bigintcalc/bigintcalc.sty
Package: bigintcalc 2019/12/15 v1.5 Expandable calculations on big integers (HO
)
))
\Fld@menulength=\count285
\Field@Width=\dimen167
\Fld@charsize=\dimen168
Package hyperref Info: Hyper figures OFF on input line 6042.
Package hyperref Info: Link nesting OFF on input line 6047.
Package hyperref Info: Hyper index ON on input line 6050.
Package hyperref Info: backreferencing OFF on input line 6057.
Package hyperref Info: Link coloring OFF on input line 6062.
Package hyperref Info: Link coloring with OCG OFF on input line 6067.
Package hyperref Info: PDF/A mode OFF on input line 6072.
(/usr/local/texlive/2023/texmf-dist/tex/latex/base/atbegshi-ltx.sty
Package: atbegshi-ltx 2021/01/10 v1.0c Emulation of the original atbegshi
package with kernel methods
)
\Hy@abspage=\count286
\c@Item=\count287
\c@Hfootnote=\count288
)
Package hyperref Info: Driver (autodetected): hpdftex.
(/usr/local/texlive/2023/texmf-dist/tex/latex/hyperref/hpdftex.def
File: hpdftex.def 2023-02-07 v7.00v Hyperref driver for pdfTeX
(/usr/local/texlive/2023/texmf-dist/tex/latex/base/atveryend-ltx.sty
Package: atveryend-ltx 2020/08/19 v1.0a Emulation of the original atveryend pac
kage
with kernel methods
)
\Fld@listcount=\count289
\c@bookmark@seq@number=\count290

(/usr/local/texlive/2023/texmf-dist/tex/latex/rerunfilecheck/rerunfilecheck.sty
Package: rerunfilecheck 2022-07-10 v1.10 Rerun checks for auxiliary files (HO)

(/usr/local/texlive/2023/texmf-dist/tex/generic/uniquecounter/uniquecounter.sty
Package: uniquecounter 2019/12/15 v1.4 Provide unlimited unique counter (HO)
)
Package uniquecounter Info: New unique counter `rerunfilecheck' on input line 2
85.
)
\Hy@SectionHShift=\skip55
) (/usr/local/texlive/2023/texmf-dist/tex/latex/bookmark/bkm-pdftex.def
File: bkm-pdftex.def 2020-11-06 v1.29 bookmark driver for pdfTeX (HO)
\BKM@id=\count291
)) (/usr/local/texlive/2023/texmf-dist/tex/latex/xurl/xurl.sty
Package: xurl 2022/01/09 v 0.10 modify URL breaks
)
LaTeX Font Info:    Trying to load font information for T1+lmr on input line 11
3.
(/usr/local/texlive/2023/texmf-dist/tex/latex/lm/t1lmr.fd
File: t1lmr.fd 2015/05/01 v1.6.1 Font defs for Latin Modern
) (/usr/local/texlive/2023/texmf-dist/tex/latex/l3backend/l3backend-pdftex.def
File: l3backend-pdftex.def 2023-01-16 L3 backend support: PDF output (pdfTeX)
\l__color_backend_stack_int=\count292
\l__pdf_internal_box=\box55
) (./projekt.aux)
\openout1 = `projekt.aux'.

LaTeX Font Info:    Checking defaults for OML/cmm/m/it on input line 113.
LaTeX Font Info:    ... okay on input line 113.
LaTeX Font Info:    Checking defaults for OMS/cmsy/m/n on input line 113.
LaTeX Font Info:    ... okay on input line 113.
LaTeX Font Info:    Checking defaults for OT1/cmr/m/n on input line 113.
LaTeX Font Info:    ... okay on input line 113.
LaTeX Font Info:    Checking defaults for T1/cmr/m/n on input line 113.
LaTeX Font Info:    ... okay on input line 113.
LaTeX Font Info:    Checking defaults for TS1/cmr/m/n on input line 113.
LaTeX Font Info:    ... okay on input line 113.
LaTeX Font Info:    Checking defaults for OMX/cmex/m/n on input line 113.
LaTeX Font Info:    ... okay on input line 113.
LaTeX Font Info:    Checking defaults for U/cmr/m/n on input line 113.
LaTeX Font Info:    ... okay on input line 113.
LaTeX Font Info:    Checking defaults for PD1/pdf/m/n on input line 113.
LaTeX Font Info:    ... okay on input line 113.
LaTeX Font Info:    Checking defaults for PU/pdf/m/n on input line 113.
LaTeX Font Info:    ... okay on input line 113.
LaTeX Info: Redefining \microtypecontext on input line 113.
Package microtype Info: Applying patch `item' on input line 113.
Package microtype Info: Applying patch `toc' on input line 113.
Package microtype Info: Applying patch `eqnum' on input line 113.
Package microtype Info: Applying patch `footnote' on input line 113.
Package microtype Info: Applying patch `verbatim' on input line 113.
Package microtype Info: Generating PDF output.
Package microtype Info: Character protrusion enabled (level 2).
Package microtype Info: Using protrusion set `basicmath'.
Package microtype Info: Automatic font expansion enabled (level 2),
(microtype)             stretch: 20, shrink: 20, step: 1, non-selected.
Package microtype Info: Using default expansion set `alltext-nott'.
LaTeX Info: Redefining \showhyphens on input line 113.
Package microtype Info: No adjustment of tracking.
Package microtype Info: No adjustment of interword spacing.
Package microtype Info: No adjustment of character kerning.
(/usr/local/texlive/2023/texmf-dist/tex/latex/microtype/mt-cmr.cfg
File: mt-cmr.cfg 2013/05/19 v2.2 microtype config. file: Computer Modern Roman 
(RS)
) (/usr/local/texlive/2023/texmf-dist/tex/context/base/mkii/supp-pdf.mkii
[Loading MPS to PDF converter (version 2006.09.02).]
\scratchcounter=\count293
\scratchdimen=\dimen169
\scratchbox=\box56
\nofMPsegments=\count294
\nofMParguments=\count295
\everyMPshowfont=\toks27
\MPscratchCnt=\count296
\MPscratchDim=\dimen170
\MPnumerator=\count297
\makeMPintoPDFobject=\count298
\everyMPtoPDFconversion=\toks28
) (/usr/local/texlive/2023/texmf-dist/tex/latex/epstopdf-pkg/epstopdf-base.sty
Package: epstopdf-base 2020-01-24 v2.11 Base part for package epstopdf
Package epstopdf-base Info: Redefining graphics rule for `.eps' on input line 4
85.
(/usr/local/texlive/2023/texmf-dist/tex/latex/latexconfig/epstopdf-sys.cfg
File: epstopdf-sys.cfg 2010/07/13 v1.3 Configuration of (r)epstopdf for TeX Liv
e
))
*geometry* driver: auto-detecting
*geometry* detected driver: pdftex
*geometry* verbose mode - [ preamble ] result:
* driver: pdftex
* paper: <default>
* layout: <same size as paper>
* layoutoffset:(h,v)=(0.0pt,0.0pt)
* modes: 
* h-part:(L,W,R)=(72.26999pt, 469.75502pt, 72.26999pt)
* v-part:(T,H,B)=(72.26999pt, 650.43001pt, 72.26999pt)
* \paperwidth=614.295pt
* \paperheight=794.96999pt
* \textwidth=469.75502pt
* \textheight=650.43001pt
* \oddsidemargin=0.0pt
* \evensidemargin=0.0pt
* \topmargin=-37.0pt
* \headheight=12.0pt
* \headsep=25.0pt
* \topskip=10.0pt
* \footskip=30.0pt
* \marginparwidth=65.0pt
* \marginparsep=11.0pt
* \columnsep=10.0pt
* \skip\footins=9.0pt plus 4.0pt minus 2.0pt
* \hoffset=0.0pt
* \voffset=0.0pt
* \mag=1000
* \@twocolumnfalse
* \@twosidefalse
* \@mparswitchfalse
* \@reversemarginfalse
* (1in=72.27pt=25.4mm, 1cm=28.453pt)

Package hyperref Info: Link coloring OFF on input line 113.
LaTeX Font Info:    Trying to load font information for OT1+lmr on input line 1
15.
(/usr/local/texlive/2023/texmf-dist/tex/latex/lm/ot1lmr.fd
File: ot1lmr.fd 2015/05/01 v1.6.1 Font defs for Latin Modern
)
LaTeX Font Info:    Trying to load font information for OML+lmm on input line 1
15.
(/usr/local/texlive/2023/texmf-dist/tex/latex/lm/omllmm.fd
File: omllmm.fd 2015/05/01 v1.6.1 Font defs for Latin Modern
)
LaTeX Font Info:    Trying to load font information for OMS+lmsy on input line 
115.
(/usr/local/texlive/2023/texmf-dist/tex/latex/lm/omslmsy.fd
File: omslmsy.fd 2015/05/01 v1.6.1 Font defs for Latin Modern
)
LaTeX Font Info:    Trying to load font information for OMX+lmex on input line 
115.
(/usr/local/texlive/2023/texmf-dist/tex/latex/lm/omxlmex.fd
File: omxlmex.fd 2015/05/01 v1.6.1 Font defs for Latin Modern
)
LaTeX Font Info:    External font `lmex10' loaded for size
(Font)              <12> on input line 115.
LaTeX Font Info:    External font `lmex10' loaded for size
(Font)              <8> on input line 115.
LaTeX Font Info:    External font `lmex10' loaded for size
(Font)              <6> on input line 115.
LaTeX Font Info:    Trying to load font information for U+msa on input line 115
.
(/usr/local/texlive/2023/texmf-dist/tex/latex/amsfonts/umsa.fd
File: umsa.fd 2013/01/14 v3.01 AMS symbols A
) (/usr/local/texlive/2023/texmf-dist/tex/latex/microtype/mt-msa.cfg
File: mt-msa.cfg 2006/02/04 v1.1 microtype config. file: AMS symbols (a) (RS)
)
LaTeX Font Info:    Trying to load font information for U+msb on input line 115
.
(/usr/local/texlive/2023/texmf-dist/tex/latex/amsfonts/umsb.fd
File: umsb.fd 2013/01/14 v3.01 AMS symbols B
) (/usr/local/texlive/2023/texmf-dist/tex/latex/microtype/mt-msb.cfg
File: mt-msb.cfg 2005/06/01 v1.0 microtype config. file: AMS symbols (b) (RS)
)
LaTeX Font Info:    Trying to load font information for T1+lmtt on input line 1
65.
(/usr/local/texlive/2023/texmf-dist/tex/latex/lm/t1lmtt.fd
File: t1lmtt.fd 2015/05/01 v1.6.1 Font defs for Latin Modern
)
LaTeX Font Info:    Font shape `T1/lmtt/bx/n' in size <10> not available
(Font)              Font shape `T1/lmtt/b/n' tried instead on input line 166.
[1

{/usr/local/texlive/2023/texmf-var/fonts/map/pdftex/updmap/pdftex.map}{/usr/loc
al/texlive/2023/texmf-dist/fonts/enc/dvips/lm/lm-ec.enc}] [2] [3]
LaTeX Font Info:    Trying to load font information for TS1+lmtt on input line 
362.
(/usr/local/texlive/2023/texmf-dist/tex/latex/lm/ts1lmtt.fd
File: ts1lmtt.fd 2015/05/01 v1.6.1 Font defs for Latin Modern
) [4{/usr/local/texlive/2023/texmf-dist/fonts/enc/dvips/lm/lm-ts1.enc}] [5] [6]
<projekt_files/figure-latex/box-plot-1.pdf, id=47, 456.70625pt x 256.96pt>
File: projekt_files/figure-latex/box-plot-1.pdf Graphic file (type pdf)
<use projekt_files/figure-latex/box-plot-1.pdf>
Package pdftex.def Info: projekt_files/figure-latex/box-plot-1.pdf  used on inp
ut line 563.
(pdftex.def)             Requested size: 456.71906pt x 256.9672pt.
<projekt_files/figure-latex/box-plot-2.pdf, id=48, 444.66125pt x 256.96pt>
File: projekt_files/figure-latex/box-plot-2.pdf Graphic file (type pdf)
<use projekt_files/figure-latex/box-plot-2.pdf>
Package pdftex.def Info: projekt_files/figure-latex/box-plot-2.pdf  used on inp
ut line 575.
(pdftex.def)             Requested size: 444.66016pt x 256.95937pt.
[7 <./projekt_files/figure-latex/box-plot-1.pdf>]
<projekt_files/figure-latex/box-plot-3.pdf, id=62, 436.63126pt x 256.96pt>
File: projekt_files/figure-latex/box-plot-3.pdf Graphic file (type pdf)
<use projekt_files/figure-latex/box-plot-3.pdf>
Package pdftex.def Info: projekt_files/figure-latex/box-plot-3.pdf  used on inp
ut line 587.
(pdftex.def)             Requested size: 436.63019pt x 256.95937pt.
[8 <./projekt_files/figure-latex/box-plot-2.pdf> <./projekt_files/figure-latex/
box-plot-3.pdf>]
<projekt_files/figure-latex/unnamed-chunk-4-1.pdf, id=83, 990.70125pt x 298.113
75pt>
File: projekt_files/figure-latex/unnamed-chunk-4-1.pdf Graphic file (type pdf)
<use projekt_files/figure-latex/unnamed-chunk-4-1.pdf>
Package pdftex.def Info: projekt_files/figure-latex/unnamed-chunk-4-1.pdf  used
 on input line 615.
(pdftex.def)             Requested size: 469.75656pt x 141.35532pt.
<projekt_files/figure-latex/unnamed-chunk-4-2.pdf, id=84, 990.70125pt x 298.113
75pt>
File: projekt_files/figure-latex/unnamed-chunk-4-2.pdf Graphic file (type pdf)
<use projekt_files/figure-latex/unnamed-chunk-4-2.pdf>
Package pdftex.def Info: projekt_files/figure-latex/unnamed-chunk-4-2.pdf  used
 on input line 642.
(pdftex.def)             Requested size: 469.75656pt x 141.35532pt.
[9 <./projekt_files/figure-latex/unnamed-chunk-4-1.pdf>]
<projekt_files/figure-latex/unnamed-chunk-5-1.pdf, id=97, 427.5975pt x 285.065p
t>
File: projekt_files/figure-latex/unnamed-chunk-5-1.pdf Graphic file (type pdf)
<use projekt_files/figure-latex/unnamed-chunk-5-1.pdf>
Package pdftex.def Info: projekt_files/figure-latex/unnamed-chunk-5-1.pdf  used
 on input line 660.
(pdftex.def)             Requested size: 427.59645pt x 285.0643pt.
<projekt_files/figure-latex/unnamed-chunk-5-2.pdf, id=98, 422.57875pt x 285.065
pt>
File: projekt_files/figure-latex/unnamed-chunk-5-2.pdf Graphic file (type pdf)
<use projekt_files/figure-latex/unnamed-chunk-5-2.pdf>
Package pdftex.def Info: projekt_files/figure-latex/unnamed-chunk-5-2.pdf  used
 on input line 668.
(pdftex.def)             Requested size: 422.57771pt x 285.0643pt.
[10 <./projekt_files/figure-latex/unnamed-chunk-4-2.pdf> <./projekt_files/figur
e-latex/unnamed-chunk-5-1.pdf>]
<projekt_files/figure-latex/unnamed-chunk-5-3.pdf, id=119, 427.5975pt x 285.065
pt>
File: projekt_files/figure-latex/unnamed-chunk-5-3.pdf Graphic file (type pdf)
<use projekt_files/figure-latex/unnamed-chunk-5-3.pdf>
Package pdftex.def Info: projekt_files/figure-latex/unnamed-chunk-5-3.pdf  used
 on input line 676.
(pdftex.def)             Requested size: 427.59645pt x 285.0643pt.

Underfull \hbox (badness 10000) in paragraph at lines 676--679
[][] \T1/lmr/m/n/10 (+20) Prema
 []

[11 <./projekt_files/figure-latex/unnamed-chunk-5-2.pdf> <./projekt_files/figur
e-latex/unnamed-chunk-5-3.pdf>]
<projekt_files/figure-latex/unnamed-chunk-6-1.pdf, id=140, 431.6125pt x 283.057
5pt>
File: projekt_files/figure-latex/unnamed-chunk-6-1.pdf Graphic file (type pdf)
<use projekt_files/figure-latex/unnamed-chunk-6-1.pdf>
Package pdftex.def Info: projekt_files/figure-latex/unnamed-chunk-6-1.pdf  used
 on input line 686.
(pdftex.def)             Requested size: 431.6246pt x 283.06543pt.
<projekt_files/figure-latex/unnamed-chunk-6-2.pdf, id=141, 431.6125pt x 283.057
5pt>
File: projekt_files/figure-latex/unnamed-chunk-6-2.pdf Graphic file (type pdf)
<use projekt_files/figure-latex/unnamed-chunk-6-2.pdf>
Package pdftex.def Info: projekt_files/figure-latex/unnamed-chunk-6-2.pdf  used
 on input line 694.
(pdftex.def)             Requested size: 431.6246pt x 283.06543pt.
[12 <./projekt_files/figure-latex/unnamed-chunk-6-1.pdf> <./projekt_files/figur
e-latex/unnamed-chunk-6-2.pdf>]
<projekt_files/figure-latex/unnamed-chunk-6-3.pdf, id=163, 422.57875pt x 283.05
75pt>
File: projekt_files/figure-latex/unnamed-chunk-6-3.pdf Graphic file (type pdf)
<use projekt_files/figure-latex/unnamed-chunk-6-3.pdf>
Package pdftex.def Info: projekt_files/figure-latex/unnamed-chunk-6-3.pdf  used
 on input line 702.
(pdftex.def)             Requested size: 422.5906pt x 283.06543pt.

Underfull \hbox (badness 10000) in paragraph at lines 702--706
[][] \T1/lmr/m/n/10 (+20) Tako엁r
 []

<projekt_files/figure-latex/unnamed-chunk-7-1.pdf, id=164, 435.6275pt x 250.937
5pt>
File: projekt_files/figure-latex/unnamed-chunk-7-1.pdf Graphic file (type pdf)
<use projekt_files/figure-latex/unnamed-chunk-7-1.pdf>
Package pdftex.def Info: projekt_files/figure-latex/unnamed-chunk-7-1.pdf  used
 on input line 726.
(pdftex.def)             Requested size: 435.62643pt x 250.93687pt.
[13 <./projekt_files/figure-latex/unnamed-chunk-6-3.pdf>]
<projekt_files/figure-latex/unnamed-chunk-8-1.pdf, id=178, 435.6275pt x 283.057
5pt>
File: projekt_files/figure-latex/unnamed-chunk-8-1.pdf Graphic file (type pdf)
<use projekt_files/figure-latex/unnamed-chunk-8-1.pdf>
Package pdftex.def Info: projekt_files/figure-latex/unnamed-chunk-8-1.pdf  used
 on input line 742.
(pdftex.def)             Requested size: 435.62643pt x 283.0568pt.
[14 <./projekt_files/figure-latex/unnamed-chunk-7-1.pdf> <./projekt_files/figur
e-latex/unnamed-chunk-8-1.pdf>]
<projekt_files/figure-latex/unnamed-chunk-8-2.pdf, id=198, 435.6275pt x 283.057
5pt>
File: projekt_files/figure-latex/unnamed-chunk-8-2.pdf Graphic file (type pdf)
<use projekt_files/figure-latex/unnamed-chunk-8-2.pdf>
Package pdftex.def Info: projekt_files/figure-latex/unnamed-chunk-8-2.pdf  used
 on input line 751.
(pdftex.def)             Requested size: 435.62643pt x 283.0568pt.
<projekt_files/figure-latex/unnamed-chunk-9-1.pdf, id=199, 435.6275pt x 283.057
5pt>
File: projekt_files/figure-latex/unnamed-chunk-9-1.pdf Graphic file (type pdf)
<use projekt_files/figure-latex/unnamed-chunk-9-1.pdf>
Package pdftex.def Info: projekt_files/figure-latex/unnamed-chunk-9-1.pdf  used
 on input line 760.
(pdftex.def)             Requested size: 435.62643pt x 283.0568pt.
[15 <./projekt_files/figure-latex/unnamed-chunk-8-2.pdf> <./projekt_files/figur
e-latex/unnamed-chunk-9-1.pdf>]
<projekt_files/figure-latex/unnamed-chunk-9-2.pdf, id=220, 435.6275pt x 283.057
5pt>
File: projekt_files/figure-latex/unnamed-chunk-9-2.pdf Graphic file (type pdf)
<use projekt_files/figure-latex/unnamed-chunk-9-2.pdf>
Package pdftex.def Info: projekt_files/figure-latex/unnamed-chunk-9-2.pdf  used
 on input line 769.
(pdftex.def)             Requested size: 435.62643pt x 283.0568pt.
<projekt_files/figure-latex/unnamed-chunk-10-1.pdf, id=221, 435.6275pt x 283.05
75pt>
File: projekt_files/figure-latex/unnamed-chunk-10-1.pdf Graphic file (type pdf)

<use projekt_files/figure-latex/unnamed-chunk-10-1.pdf>
Package pdftex.def Info: projekt_files/figure-latex/unnamed-chunk-10-1.pdf  use
d on input line 778.
(pdftex.def)             Requested size: 435.62643pt x 283.0568pt.
[16 <./projekt_files/figure-latex/unnamed-chunk-9-2.pdf> <./projekt_files/figur
e-latex/unnamed-chunk-10-1.pdf>]
<projekt_files/figure-latex/unnamed-chunk-10-2.pdf, id=242, 435.6275pt x 283.05
75pt>
File: projekt_files/figure-latex/unnamed-chunk-10-2.pdf Graphic file (type pdf)

<use projekt_files/figure-latex/unnamed-chunk-10-2.pdf>
Package pdftex.def Info: projekt_files/figure-latex/unnamed-chunk-10-2.pdf  use
d on input line 787.
(pdftex.def)             Requested size: 435.62643pt x 283.0568pt.
LaTeX Font Info:    External font `lmex10' loaded for size
(Font)              <10> on input line 793.
LaTeX Font Info:    External font `lmex10' loaded for size
(Font)              <7> on input line 793.
LaTeX Font Info:    External font `lmex10' loaded for size
(Font)              <5> on input line 793.
[17{/usr/local/texlive/2023/texmf-dist/fonts/enc/dvips/lm/lm-mathit.enc}{/usr/l
ocal/texlive/2023/texmf-dist/fonts/enc/dvips/lm/lm-rm.enc}{/usr/local/texlive/2
023/texmf-dist/fonts/enc/dvips/lm/lm-mathsy.enc}{/usr/local/texlive/2023/texmf-
dist/fonts/enc/dvips/lm/lm-mathex.enc} <./projekt_files/figure-latex/unnamed-ch
unk-10-2.pdf>]
Overfull \hbox (7.99359pt too wide) in paragraph at lines 893--893
[]\T1/lmtt/m/n/10 ## data:  df_cleaned_first$attractive_important and df_cleane
d_first$intelligence_important[] 
 []


Overfull \hbox (60.49344pt too wide) in paragraph at lines 913--913
[]\T1/lmtt/m/n/10 ## data:  df_cleaned_first_male$attractive_important and df_c
leaned_first_male$intelligence_important[] 
 []


Overfull \hbox (81.49338pt too wide) in paragraph at lines 933--933
[]\T1/lmtt/m/n/10 ## data:  df_cleaned_first_female$attractive_important and df
_cleaned_first_female$intelligence_important[] 
 []

[18]
Overfull \hbox (7.99359pt too wide) in paragraph at lines 969--969
[]\T1/lmtt/m/n/10 ## data:  df_cleaned_first$intelligence_important and df_clea
ned_first$attractive_important[] 
 []


Overfull \hbox (60.49344pt too wide) in paragraph at lines 993--993
[]\T1/lmtt/m/n/10 ## data:  df_cleaned_first_male$intelligence_important and df
_cleaned_first_male$attractive_important[] 
 []

[19]
Overfull \hbox (81.49338pt too wide) in paragraph at lines 1017--1017
[]\T1/lmtt/m/n/10 ## data:  df_cleaned_first_female$intelligence_important and 
df_cleaned_first_female$attractive_important[] 
 []

[20] [21] [22] [23]
<projekt_files/figure-latex/unnamed-chunk-23-1.pdf, id=293, 436.63126pt x 283.0
575pt>
File: projekt_files/figure-latex/unnamed-chunk-23-1.pdf Graphic file (type pdf)

<use projekt_files/figure-latex/unnamed-chunk-23-1.pdf>
Package pdftex.def Info: projekt_files/figure-latex/unnamed-chunk-23-1.pdf  use
d on input line 1423.
(pdftex.def)             Requested size: 436.63019pt x 283.0568pt.
<projekt_files/figure-latex/unnamed-chunk-23-2.pdf, id=294, 436.63126pt x 283.0
575pt>
File: projekt_files/figure-latex/unnamed-chunk-23-2.pdf Graphic file (type pdf)

<use projekt_files/figure-latex/unnamed-chunk-23-2.pdf>
Package pdftex.def Info: projekt_files/figure-latex/unnamed-chunk-23-2.pdf  use
d on input line 1435.
(pdftex.def)             Requested size: 436.63019pt x 283.0568pt.
[24 <./projekt_files/figure-latex/unnamed-chunk-23-1.pdf>]
<projekt_files/figure-latex/unnamed-chunk-23-3.pdf, id=308, 436.63126pt x 283.0
575pt>
File: projekt_files/figure-latex/unnamed-chunk-23-3.pdf Graphic file (type pdf)

<use projekt_files/figure-latex/unnamed-chunk-23-3.pdf>
Package pdftex.def Info: projekt_files/figure-latex/unnamed-chunk-23-3.pdf  use
d on input line 1447.
(pdftex.def)             Requested size: 436.63019pt x 283.0568pt.
[25 <./projekt_files/figure-latex/unnamed-chunk-23-2.pdf> <./projekt_files/figu
re-latex/unnamed-chunk-23-3.pdf>]
<projekt_files/figure-latex/unnamed-chunk-23-4.pdf, id=330, 436.63126pt x 283.0
575pt>
File: projekt_files/figure-latex/unnamed-chunk-23-4.pdf Graphic file (type pdf)

<use projekt_files/figure-latex/unnamed-chunk-23-4.pdf>
Package pdftex.def Info: projekt_files/figure-latex/unnamed-chunk-23-4.pdf  use
d on input line 1459.
(pdftex.def)             Requested size: 436.63019pt x 283.0568pt.
<projekt_files/figure-latex/unnamed-chunk-23-5.pdf, id=331, 436.63126pt x 285.0
65pt>
File: projekt_files/figure-latex/unnamed-chunk-23-5.pdf Graphic file (type pdf)

<use projekt_files/figure-latex/unnamed-chunk-23-5.pdf>
Package pdftex.def Info: projekt_files/figure-latex/unnamed-chunk-23-5.pdf  use
d on input line 1474.
(pdftex.def)             Requested size: 436.63019pt x 285.0643pt.
[26 <./projekt_files/figure-latex/unnamed-chunk-23-4.pdf>]
<projekt_files/figure-latex/unnamed-chunk-24-1.pdf, id=344, 422.57875pt x 285.0
65pt>
File: projekt_files/figure-latex/unnamed-chunk-24-1.pdf Graphic file (type pdf)

<use projekt_files/figure-latex/unnamed-chunk-24-1.pdf>
Package pdftex.def Info: projekt_files/figure-latex/unnamed-chunk-24-1.pdf  use
d on input line 1489.
(pdftex.def)             Requested size: 422.57771pt x 285.0643pt.
[27 <./projekt_files/figure-latex/unnamed-chunk-23-5.pdf>]
<projekt_files/figure-latex/unnamed-chunk-25-1.pdf, id=357, 428.60126pt x 285.0
65pt>
File: projekt_files/figure-latex/unnamed-chunk-25-1.pdf Graphic file (type pdf)

<use projekt_files/figure-latex/unnamed-chunk-25-1.pdf>
Package pdftex.def Info: projekt_files/figure-latex/unnamed-chunk-25-1.pdf  use
d on input line 1505.
(pdftex.def)             Requested size: 428.6002pt x 285.0643pt.
[28 <./projekt_files/figure-latex/unnamed-chunk-24-1.pdf>]
Underfull \vbox (badness 4765) detected at line 1557
 []

[29 <./projekt_files/figure-latex/unnamed-chunk-25-1.pdf>]
<projekt_files/figure-latex/unnamed-chunk-26-1.pdf, id=382, 436.63126pt x 285.0
65pt>
File: projekt_files/figure-latex/unnamed-chunk-26-1.pdf Graphic file (type pdf)

<use projekt_files/figure-latex/unnamed-chunk-26-1.pdf>
Package pdftex.def Info: projekt_files/figure-latex/unnamed-chunk-26-1.pdf  use
d on input line 1559.
(pdftex.def)             Requested size: 436.63019pt x 285.0643pt.
[30 <./projekt_files/figure-latex/unnamed-chunk-26-1.pdf>]
<projekt_files/figure-latex/unnamed-chunk-28-1.pdf, id=397, 428.60126pt x 285.0
65pt>
File: projekt_files/figure-latex/unnamed-chunk-28-1.pdf Graphic file (type pdf)

<use projekt_files/figure-latex/unnamed-chunk-28-1.pdf>
Package pdftex.def Info: projekt_files/figure-latex/unnamed-chunk-28-1.pdf  use
d on input line 1656.
(pdftex.def)             Requested size: 428.6002pt x 285.0643pt.
[31] [32 <./projekt_files/figure-latex/unnamed-chunk-28-1.pdf>] [33] [34]
<projekt_files/figure-latex/test pretpostavki - normalnost-1.pdf, id=427, 469.7
55pt x 286.06876pt>
File: projekt_files/figure-latex/test pretpostavki - normalnost-1.pdf Graphic f
ile (type pdf)
<use projekt_files/figure-latex/test pretpostavki - normalnost-1.pdf>
Package pdftex.def Info: projekt_files/figure-latex/test pretpostavki - normaln
ost-1.pdf  used on input line 1953.
(pdftex.def)             Requested size: 469.75386pt x 286.06805pt.
[35]
<projekt_files/figure-latex/test pretpostavki - normalnost-2.pdf, id=432, 469.7
55pt x 286.06876pt>
File: projekt_files/figure-latex/test pretpostavki - normalnost-2.pdf Graphic f
ile (type pdf)
<use projekt_files/figure-latex/test pretpostavki - normalnost-2.pdf>
Package pdftex.def Info: projekt_files/figure-latex/test pretpostavki - normaln
ost-2.pdf  used on input line 1961.
(pdftex.def)             Requested size: 469.75386pt x 286.06805pt.
<projekt_files/figure-latex/test pretpostavki - normalnost-3.pdf, id=433, 469.7
55pt x 286.06876pt>
File: projekt_files/figure-latex/test pretpostavki - normalnost-3.pdf Graphic f
ile (type pdf)
<use projekt_files/figure-latex/test pretpostavki - normalnost-3.pdf>
Package pdftex.def Info: projekt_files/figure-latex/test pretpostavki - normaln
ost-3.pdf  used on input line 1969.
(pdftex.def)             Requested size: 469.75386pt x 286.06805pt.
[36 <./projekt_files/figure-latex/test pretpostavki - normalnost-1.pdf> <./proj
ekt_files/figure-latex/test pretpostavki - normalnost-2.pdf>]
<projekt_files/figure-latex/test pretpostavki - normalnost-4.pdf, id=455, 465.7
4pt x 286.06876pt>
File: projekt_files/figure-latex/test pretpostavki - normalnost-4.pdf Graphic f
ile (type pdf)
<use projekt_files/figure-latex/test pretpostavki - normalnost-4.pdf>
Package pdftex.def Info: projekt_files/figure-latex/test pretpostavki - normaln
ost-4.pdf  used on input line 1977.
(pdftex.def)             Requested size: 465.74596pt x 286.07242pt.
[37 <./projekt_files/figure-latex/test pretpostavki - normalnost-3.pdf> <./proj
ekt_files/figure-latex/test pretpostavki - normalnost-4.pdf>]
Overfull \hbox (13.24358pt too wide) in paragraph at lines 2030--2030
[]\T1/lmtt/m/n/10 ## data:  df_field_gaming$log_gaming[df_field_gaming$field ==
 "Law & International Affairs"][] 
 []


Overfull \hbox (2.7436pt too wide) in paragraph at lines 2044--2044
[]\T1/lmtt/m/n/10 ## data:  df_field_gaming$log_gaming[df_field_gaming$field ==
 "Social Studies&Humanities"][] 
 []

<projekt_files/figure-latex/test pretpostavki - normalnost nakon transformacije
-1.pdf, id=477, 469.755pt x 286.06876pt>
File: projekt_files/figure-latex/test pretpostavki - normalnost nakon transform
acije-1.pdf Graphic file (type pdf)
<use projekt_files/figure-latex/test pretpostavki - normalnost nakon transforma
cije-1.pdf>
Package pdftex.def Info: projekt_files/figure-latex/test pretpostavki - normaln
ost nakon transformacije-1.pdf  used on input line 2066.
(pdftex.def)             Requested size: 469.75386pt x 286.06805pt.
[38]
<projekt_files/figure-latex/test pretpostavki - normalnost nakon transformacije
-2.pdf, id=482, 469.755pt x 286.06876pt>
File: projekt_files/figure-latex/test pretpostavki - normalnost nakon transform
acije-2.pdf Graphic file (type pdf)
<use projekt_files/figure-latex/test pretpostavki - normalnost nakon transforma
cije-2.pdf>
Package pdftex.def Info: projekt_files/figure-latex/test pretpostavki - normaln
ost nakon transformacije-2.pdf  used on input line 2074.
(pdftex.def)             Requested size: 469.75386pt x 286.06805pt.
<projekt_files/figure-latex/test pretpostavki - normalnost nakon transformacije
-3.pdf, id=483, 469.755pt x 286.06876pt>
File: projekt_files/figure-latex/test pretpostavki - normalnost nakon transform
acije-3.pdf Graphic file (type pdf)
<use projekt_files/figure-latex/test pretpostavki - normalnost nakon transforma
cije-3.pdf>
Package pdftex.def Info: projekt_files/figure-latex/test pretpostavki - normaln
ost nakon transformacije-3.pdf  used on input line 2082.
(pdftex.def)             Requested size: 469.75386pt x 286.06805pt.
[39 <./projekt_files/figure-latex/test pretpostavki - normalnost nakon transfor
macije-1.pdf> <./projekt_files/figure-latex/test pretpostavki - normalnost nako
n transformacije-2.pdf>]
<projekt_files/figure-latex/test pretpostavki - normalnost nakon transformacije
-4.pdf, id=504, 469.755pt x 286.06876pt>
File: projekt_files/figure-latex/test pretpostavki - normalnost nakon transform
acije-4.pdf Graphic file (type pdf)
<use projekt_files/figure-latex/test pretpostavki - normalnost nakon transforma
cije-4.pdf>
Package pdftex.def Info: projekt_files/figure-latex/test pretpostavki - normaln
ost nakon transformacije-4.pdf  used on input line 2090.
(pdftex.def)             Requested size: 469.75386pt x 286.06805pt.
[40 <./projekt_files/figure-latex/test pretpostavki - normalnost nakon transfor
macije-3.pdf> <./projekt_files/figure-latex/test pretpostavki - normalnost nako
n transformacije-4.pdf>]
<projekt_files/figure-latex/grafi훾ki prikaz sredina populacija-1.pdf, id=526, 
437.635pt x 250.9375pt>
File: projekt_files/figure-latex/grafi훾ki prikaz sredina populacija-1.pdf Grap
hic file (type pdf)
<use projekt_files/figure-latex/grafi훾ki prikaz sredina populacija-1.pdf>
Package pdftex.def Info: projekt_files/figure-latex/grafi훾ki prikaz sredina po
pulacija-1.pdf  used on input line 2137.
(pdftex.def)             Requested size: 437.6406pt x 250.94069pt.
[41 <./projekt_files/figure-latex/grafi훾ki prikaz sredina populacija-1.pdf>] [
42] [43] [44] [45] [46] [47] [48] [49] [50] [51] [52] [53] [54] [55] [56] [57] 
[58] [59] [60] [61] [62] [63] [64] [65] [66] [67] [68] [69] [70] [71] [72] [73]
[74] [75] [76] [77] [78] [79] [80] [81] [82] [83] [84] [85] [86] [87] [88] [89]
[90] [91] [92] [93] [94] [95] [96] [97] [98] [99] [100] [101] [102] [103] [104]
[105] [106] [107] [108] [109] [110] [111] [112] [113] [114] [115] [116] [117] [
118] [119] [120] [121] [122] [123] [124] [125] [126] [127] [128] [129] [130] [1
31] [132] [133] [134] [135] [136] [137] [138] [139] [140] [141] [142] [143] [14
4] [145] [146] [147] [148] [149] [150] [151] [152] [153] [154] [155] [156] [157
] [158] [159] [160] [161] [162] [163] [164] [165] [166] [167] [168] [169] [170]
[171] [172] [173] [174] [175] [176] [177] [178] [179] [180] [181] [182] [183] [
184] [185] [186] [187] [188] [189] [190] [191] [192] [193] [194] [195] [196] [1
97] [198] [199] [200] [201] [202] [203] [204] [205] [206] [207] [208] [209] [21
0] [211] [212] [213] [214] [215] [216] [217] [218] [219] [220] [221] [222] [223
] [224] [225] [226] [227] [228] [229] [230] [231] [232] [233] [234] [235] [236]
[237] [238] [239] [240] [241] [242] [243] [244] [245] [246] [247] [248] [249] [
250] [251] [252] [253] [254] [255] [256] [257] [258] [259] [260] [261] [262] [2
63] [264] [265] [266] [267] [268] [269] [270] [271] [272] [273] [274] [275] [27
6] [277] [278] [279] [280] [281] [282] [283] [284] [285] [286] [287] [288] [289
] [290] [291] [292] [293] [294] [295] [296] [297] [298] [299] [300] [301] [302]
[303] [304] [305] [306] [307] [308] [309] [310] [311] [312] [313] [314] [315] [
316] [317] [318] [319] [320] [321] [322] [323] [324] [325] [326] [327] [328] [3
29] [330] [331] [332] [333] [334] [335] [336] [337] [338] [339] [340] [341] [34
2] [343] [344] [345] [346] [347] [348] [349] [350] [351] [352] [353] [354] [355
] [356] [357] [358] [359] [360] [361] [362] [363] [364] [365] [366] [367] [368]
[369] [370] [371] [372] [373] [374] [375] [376] [377] [378] [379] [380] [381] [
382] [383] [384] [385] [386] [387] [388] [389] [390] [391] [392] [393] [394] [3
95] [396] [397] [398] [399] [400] [401] [402] [403] [404] [405] [406] [407] [40
8] [409] [410] [411] [412] [413] [414] [415] [416] [417] [418] [419] [420] [421
] [422] [423] [424] [425] [426] [427] [428] [429] [430] [431] [432] [433] [434]
[435] [436] [437] [438] [439] [440] [441] [442] [443] [444] [445] [446] [447] [
448] [449] [450] [451] [452] [453] [454] [455] [456] [457] [458] [459] [460] [4
61] [462] [463] [464] [465] [466] [467] [468] [469] [470] [471] [472] [473] [47
4] [475] [476] [477] [478] [479] [480] [481] [482] [483] [484] [485] [486] [487
] [488] [489] [490] [491] [492] [493] [494] [495] [496] [497] [498] [499] [500]
[501] [502] [503] [504] [505] [506] [507] [508] [509] [510] [511] [512] [513] [
514] [515] [516] [517] [518] [519] [520] [521] [522] [523] [524] [525] [526] [5
27] [528] [529] [530] [531] [532] [533] [534] [535] [536] [537] [538] [539] [54
0] [541] [542] [543] [544] [545] [546] [547] [548] [549] [550] [551] [552] [553
] [554] [555] [556] [557] [558] [559] [560] [561] [562] [563] [564] [565] [566]
[567] [568] [569] [570] [571] [572] [573] [574] [575] [576] [577] [578] [579] [
580] [581] [582] [583] [584] [585] [586] [587] [588] [589] [590] [591] [592] [5
93] [594] [595] [596] [597] [598] [599] [600] [601] [602] [603] [604] [605] [60
6] [607] [608] [609] [610] [611] [612] [613] [614] [615] [616] [617] [618] [619
] [620] [621] [622] [623] [624] [625] [626] [627] [628] [629] [630] [631] [632]
[633] [634] [635] [636] [637] [638] [639] [640] [641] [642] [643] [644] [645] [
646] [647] [648] [649] [650] [651] [652] [653] [654] [655] [656] [657] [658] [6
59] [660] [661] [662] [663] [664] [665] [666] [667] [668] [669] [670] [671] [67
2] [673] [674] [675] [676] [677] [678] [679] [680] [681] [682] [683] [684] [685
] [686] [687] [688] [689] [690] [691] [692] [693] [694] [695] [696] [697] [698]
[699] [700] [701] [702] [703] [704] [705] [706] [707] [708] [709] [710] [711] [
712] [713] [714] [715] [716] [717] [718] [719] [720] [721] [722] [723] [724] [7
25] [726] [727] [728] [729] [730] [731] [732] [733] [734] [735] [736] [737] [73
8] [739] [740] [741] [742] [743] [744] [745] [746] [747] [748] [749] [750] [751
] [752] [753] [754] [755] [756] [757] [758] [759] [760] [761] [762] [763] [764]
[765] [766] [767] [768] [769] [770] [771] [772] [773] [774] [775] [776] [777] [
778] [779] [780] [781] [782] [783] [784] [785] [786] [787] [788] [789] [790] [7
91] [792] [793] [794] [795] [796] [797] [798] [799] [800] [801] [802] [803] [80
4] [805] [806] [807] [808] [809] [810] [811] [812] [813] [814] [815] [816] [817
] [818] [819] [820] [821] [822]
<projekt_files/figure-latex/unnamed-chunk-36-1.pdf, id=3819, 407.5225pt x 227.8
5126pt>
File: projekt_files/figure-latex/unnamed-chunk-36-1.pdf Graphic file (type pdf)

<use projekt_files/figure-latex/unnamed-chunk-36-1.pdf>
Package pdftex.def Info: projekt_files/figure-latex/unnamed-chunk-36-1.pdf  use
d on input line 44394.
(pdftex.def)             Requested size: 407.52771pt x 227.85416pt.
<projekt_files/figure-latex/unnamed-chunk-36-2.pdf, id=3820, 407.5225pt x 227.8
5126pt>
File: projekt_files/figure-latex/unnamed-chunk-36-2.pdf Graphic file (type pdf)

<use projekt_files/figure-latex/unnamed-chunk-36-2.pdf>
Package pdftex.def Info: projekt_files/figure-latex/unnamed-chunk-36-2.pdf  use
d on input line 44395.
(pdftex.def)             Requested size: 407.52771pt x 227.85416pt.
<projekt_files/figure-latex/unnamed-chunk-36-3.pdf, id=3821, 407.5225pt x 227.8
5126pt>
File: projekt_files/figure-latex/unnamed-chunk-36-3.pdf Graphic file (type pdf)

<use projekt_files/figure-latex/unnamed-chunk-36-3.pdf>
Package pdftex.def Info: projekt_files/figure-latex/unnamed-chunk-36-3.pdf  use
d on input line 44396.
(pdftex.def)             Requested size: 407.52771pt x 227.85416pt.
<projekt_files/figure-latex/unnamed-chunk-36-4.pdf, id=3822, 407.5225pt x 227.8
5126pt>
File: projekt_files/figure-latex/unnamed-chunk-36-4.pdf Graphic file (type pdf)

<use projekt_files/figure-latex/unnamed-chunk-36-4.pdf>
Package pdftex.def Info: projekt_files/figure-latex/unnamed-chunk-36-4.pdf  use
d on input line 44397.
(pdftex.def)             Requested size: 407.52771pt x 227.85416pt.
<projekt_files/figure-latex/unnamed-chunk-36-5.pdf, id=3823, 407.5225pt x 227.8
5126pt>
File: projekt_files/figure-latex/unnamed-chunk-36-5.pdf Graphic file (type pdf)

<use projekt_files/figure-latex/unnamed-chunk-36-5.pdf>
Package pdftex.def Info: projekt_files/figure-latex/unnamed-chunk-36-5.pdf  use
d on input line 44398.
(pdftex.def)             Requested size: 407.52771pt x 227.85416pt.
<projekt_files/figure-latex/unnamed-chunk-36-6.pdf, id=3824, 407.5225pt x 227.8
5126pt>
File: projekt_files/figure-latex/unnamed-chunk-36-6.pdf Graphic file (type pdf)

<use projekt_files/figure-latex/unnamed-chunk-36-6.pdf>
Package pdftex.def Info: projekt_files/figure-latex/unnamed-chunk-36-6.pdf  use
d on input line 44399.
(pdftex.def)             Requested size: 407.52771pt x 227.85416pt.
<projekt_files/figure-latex/unnamed-chunk-36-7.pdf, id=3825, 407.5225pt x 227.8
5126pt>
File: projekt_files/figure-latex/unnamed-chunk-36-7.pdf Graphic file (type pdf)

<use projekt_files/figure-latex/unnamed-chunk-36-7.pdf>
Package pdftex.def Info: projekt_files/figure-latex/unnamed-chunk-36-7.pdf  use
d on input line 44400.
(pdftex.def)             Requested size: 407.52771pt x 227.85416pt.
<projekt_files/figure-latex/unnamed-chunk-36-8.pdf, id=3826, 407.5225pt x 227.8
5126pt>
File: projekt_files/figure-latex/unnamed-chunk-36-8.pdf Graphic file (type pdf)

<use projekt_files/figure-latex/unnamed-chunk-36-8.pdf>
Package pdftex.def Info: projekt_files/figure-latex/unnamed-chunk-36-8.pdf  use
d on input line 44401.
(pdftex.def)             Requested size: 407.52771pt x 227.85416pt.
<projekt_files/figure-latex/unnamed-chunk-36-9.pdf, id=3827, 407.5225pt x 227.8
5126pt>
File: projekt_files/figure-latex/unnamed-chunk-36-9.pdf Graphic file (type pdf)

<use projekt_files/figure-latex/unnamed-chunk-36-9.pdf>
Package pdftex.def Info: projekt_files/figure-latex/unnamed-chunk-36-9.pdf  use
d on input line 44402.
(pdftex.def)             Requested size: 407.52771pt x 227.85416pt.
<projekt_files/figure-latex/unnamed-chunk-36-10.pdf, id=3828, 407.5225pt x 227.
85126pt>
File: projekt_files/figure-latex/unnamed-chunk-36-10.pdf Graphic file (type pdf
)
<use projekt_files/figure-latex/unnamed-chunk-36-10.pdf>
Package pdftex.def Info: projekt_files/figure-latex/unnamed-chunk-36-10.pdf  us
ed on input line 44403.
(pdftex.def)             Requested size: 407.52771pt x 227.85416pt.
<projekt_files/figure-latex/unnamed-chunk-36-11.pdf, id=3829, 407.5225pt x 227.
85126pt>
File: projekt_files/figure-latex/unnamed-chunk-36-11.pdf Graphic file (type pdf
)
<use projekt_files/figure-latex/unnamed-chunk-36-11.pdf>
Package pdftex.def Info: projekt_files/figure-latex/unnamed-chunk-36-11.pdf  us
ed on input line 44404.
(pdftex.def)             Requested size: 407.52771pt x 227.85416pt.
<projekt_files/figure-latex/unnamed-chunk-36-12.pdf, id=3830, 407.5225pt x 227.
85126pt>
File: projekt_files/figure-latex/unnamed-chunk-36-12.pdf Graphic file (type pdf
)
<use projekt_files/figure-latex/unnamed-chunk-36-12.pdf>
Package pdftex.def Info: projekt_files/figure-latex/unnamed-chunk-36-12.pdf  us
ed on input line 44405.
(pdftex.def)             Requested size: 407.52771pt x 227.85416pt.
<projekt_files/figure-latex/unnamed-chunk-36-13.pdf, id=3831, 407.5225pt x 227.
85126pt>
File: projekt_files/figure-latex/unnamed-chunk-36-13.pdf Graphic file (type pdf
)
<use projekt_files/figure-latex/unnamed-chunk-36-13.pdf>
Package pdftex.def Info: projekt_files/figure-latex/unnamed-chunk-36-13.pdf  us
ed on input line 44406.
(pdftex.def)             Requested size: 407.52771pt x 227.85416pt.
<projekt_files/figure-latex/unnamed-chunk-36-14.pdf, id=3832, 407.5225pt x 227.
85126pt>
File: projekt_files/figure-latex/unnamed-chunk-36-14.pdf Graphic file (type pdf
)
<use projekt_files/figure-latex/unnamed-chunk-36-14.pdf>
Package pdftex.def Info: projekt_files/figure-latex/unnamed-chunk-36-14.pdf  us
ed on input line 44407.
(pdftex.def)             Requested size: 407.52771pt x 227.85416pt.
<projekt_files/figure-latex/unnamed-chunk-36-15.pdf, id=3833, 407.5225pt x 226.
8475pt>
File: projekt_files/figure-latex/unnamed-chunk-36-15.pdf Graphic file (type pdf
)
<use projekt_files/figure-latex/unnamed-chunk-36-15.pdf>
Package pdftex.def Info: projekt_files/figure-latex/unnamed-chunk-36-15.pdf  us
ed on input line 44408.
(pdftex.def)             Requested size: 407.5215pt x 226.84694pt.

Overfull \hbox (347.52261pt too wide) in paragraph at lines 44394--44409
[][] []
 []


Overfull \hbox (347.52261pt too wide) in paragraph at lines 44394--44409
[] []
 []


Overfull \hbox (347.52261pt too wide) in paragraph at lines 44394--44409
[] []
 []


Overfull \hbox (347.52261pt too wide) in paragraph at lines 44394--44409
[] []
 []


Overfull \hbox (347.52261pt too wide) in paragraph at lines 44394--44409
[] []
 []


Overfull \hbox (347.52261pt too wide) in paragraph at lines 44394--44409
[] []
 []


Overfull \hbox (347.52261pt too wide) in paragraph at lines 44394--44409
[] []
 []

[823] [824 <./projekt_files/figure-latex/unnamed-chunk-36-1.pdf> <./projekt_fil
es/figure-latex/unnamed-chunk-36-2.pdf> <./projekt_files/figure-latex/unnamed-c
hunk-36-3.pdf> <./projekt_files/figure-latex/unnamed-chunk-36-4.pdf>] [825 <./p
rojekt_files/figure-latex/unnamed-chunk-36-5.pdf> <./projekt_files/figure-latex
/unnamed-chunk-36-6.pdf> <./projekt_files/figure-latex/unnamed-chunk-36-7.pdf> 
<./projekt_files/figure-latex/unnamed-chunk-36-8.pdf>] [826 <./projekt_files/fi
gure-latex/unnamed-chunk-36-9.pdf> <./projekt_files/figure-latex/unnamed-chunk-
36-10.pdf> <./projekt_files/figure-latex/unnamed-chunk-36-11.pdf> <./projekt_fi
les/figure-latex/unnamed-chunk-36-12.pdf>] [827 <./projekt_files/figure-latex/u
nnamed-chunk-36-13.pdf> <./projekt_files/figure-latex/unnamed-chunk-36-14.pdf> 
<./projekt_files/figure-latex/unnamed-chunk-36-15.pdf>] [828]
<projekt_files/figure-latex/unnamed-chunk-40-1.pdf, id=3982, 429.605pt x 305.14
pt>
File: projekt_files/figure-latex/unnamed-chunk-40-1.pdf Graphic file (type pdf)

<use projekt_files/figure-latex/unnamed-chunk-40-1.pdf>
Package pdftex.def Info: projekt_files/figure-latex/unnamed-chunk-40-1.pdf  use
d on input line 44572.
(pdftex.def)             Requested size: 429.61049pt x 305.14389pt.
[829] [830 <./projekt_files/figure-latex/unnamed-chunk-40-1.pdf>]
<projekt_files/figure-latex/unnamed-chunk-42-1.pdf, id=4001, 253.94875pt x 230.
8625pt>
File: projekt_files/figure-latex/unnamed-chunk-42-1.pdf Graphic file (type pdf)

<use projekt_files/figure-latex/unnamed-chunk-42-1.pdf>
Package pdftex.def Info: projekt_files/figure-latex/unnamed-chunk-42-1.pdf  use
d on input line 44622.
(pdftex.def)             Requested size: 253.94812pt x 230.86192pt.

LaTeX Warning: Command \v invalid in math mode on input line 44634.

[831 <./projekt_files/figure-latex/unnamed-chunk-42-1.pdf>]
<projekt_files/figure-latex/unnamed-chunk-44-1.pdf, id=4014, 459.7175pt x 315.1
775pt>
File: projekt_files/figure-latex/unnamed-chunk-44-1.pdf Graphic file (type pdf)

<use projekt_files/figure-latex/unnamed-chunk-44-1.pdf>
Package pdftex.def Info: projekt_files/figure-latex/unnamed-chunk-44-1.pdf  use
d on input line 44748.
(pdftex.def)             Requested size: 459.74442pt x 315.19595pt.

Underfull \hbox (badness 10000) in paragraph at lines 44748--44753
[][]
 []

[832] [833 <./projekt_files/figure-latex/unnamed-chunk-44-1.pdf>] [834]
<projekt_files/figure-latex/unnamed-chunk-46-1.pdf, id=4034, 253.94875pt x 230.
8625pt>
File: projekt_files/figure-latex/unnamed-chunk-46-1.pdf Graphic file (type pdf)

<use projekt_files/figure-latex/unnamed-chunk-46-1.pdf>
Package pdftex.def Info: projekt_files/figure-latex/unnamed-chunk-46-1.pdf  use
d on input line 44898.
(pdftex.def)             Requested size: 253.94812pt x 230.86192pt.
[835] [836 <./projekt_files/figure-latex/unnamed-chunk-46-1.pdf>] (./projekt.au
x) ) 
Here is how much of TeX's memory you used:
 15299 strings out of 476025
 251426 string characters out of 5790016
 2791338 words of memory out of 5000000
 34471 multiletter control sequences out of 15000+600000
 575791 words of font info for 145 fonts, out of 8000000 for 9000
 1141 hyphenation exceptions out of 8191
 77i,9n,81p,1430b,42678s stack positions out of 10000i,1000n,20000p,200000b,200000s
</usr/local/texlive/2023/texmf-dist/fonts/type1/public/lm/lmbx10.pfb></usr/
local/texlive/2023/texmf-dist/fonts/type1/public/lm/lmbx12.pfb></usr/local/texl
ive/2023/texmf-dist/fonts/type1/public/lm/lmex10.pfb></usr/local/texlive/2023/t
exmf-dist/fonts/type1/public/lm/lmmi10.pfb></usr/local/texlive/2023/texmf-dist/
fonts/type1/public/lm/lmmi5.pfb></usr/local/texlive/2023/texmf-dist/fonts/type1
/public/lm/lmmi7.pfb></usr/local/texlive/2023/texmf-dist/fonts/type1/public/lm/
lmr10.pfb></usr/local/texlive/2023/texmf-dist/fonts/type1/public/lm/lmr12.pfb><
/usr/local/texlive/2023/texmf-dist/fonts/type1/public/lm/lmr17.pfb></usr/local/
texlive/2023/texmf-dist/fonts/type1/public/lm/lmr5.pfb></usr/local/texlive/2023
/texmf-dist/fonts/type1/public/lm/lmr7.pfb></usr/local/texlive/2023/texmf-dist/
fonts/type1/public/lm/lmri10.pfb></usr/local/texlive/2023/texmf-dist/fonts/type
1/public/lm/lmsy10.pfb></usr/local/texlive/2023/texmf-dist/fonts/type1/public/l
m/lmsy5.pfb></usr/local/texlive/2023/texmf-dist/fonts/type1/public/lm/lmsy7.pfb
></usr/local/texlive/2023/texmf-dist/fonts/type1/public/lm/lmtk10.pfb></usr/loc
al/texlive/2023/texmf-dist/fonts/type1/public/lm/lmtt10.pfb></usr/local/texlive
/2023/texmf-dist/fonts/type1/public/lm/lmtti10.pfb>
Output written on projekt.pdf (836 pages, 1307116 bytes).
PDF statistics:
 4373 PDF objects out of 5155 (max. 8388607)
 3298 compressed objects within 33 object streams
 860 named destinations out of 1000 (max. 500000)
 33116 words of extra memory for PDF output out of 35830 (max. 10000000)

